<?xml version="1.0" encoding="UTF-8"?>
<testng-results ignored="0" total="1" passed="0" failed="1" skipped="0">
  <reporter-output>
  </reporter-output>
  <suite started-at="2022-05-12T09:25:46 COT" name="Suite" finished-at="2022-05-12T09:26:02 COT" duration-ms="15654">
    <groups>
    </groups>
    <test started-at="2022-05-12T09:25:46 COT" name="Test" finished-at="2022-05-12T09:26:02 COT" duration-ms="15654">
      <class name="AviancaBase.AviancaNG">
        <test-method is-config="true" signature="beforeClass(java.lang.String,java.lang.String,java.lang.String)[pri:0, instance:AviancaBase.AviancaNG@7722c3c3]" started-at="2022-05-12T09:25:46 COT" name="beforeClass" finished-at="2022-05-12T09:25:47 COT" duration-ms="1151" status="PASS">
          <params>
            <param index="0">
              <value>
                <![CDATA[https://www.avianca.com/co/es/]]>
              </value>
            </param>
            <param index="1">
              <value>
                <![CDATA[./output/]]>
              </value>
            </param>
            <param index="2">
              <value>
                <![CDATA[./Logo/logo_periferia.png]]>
              </value>
            </param>
          </params>
          <reporter-output>
          </reporter-output>
        </test-method> <!-- beforeClass -->
        <test-method signature="ComprarTicket(java.lang.String,java.lang.String,java.lang.String,java.lang.String,java.lang.String,java.lang.String)[pri:0, instance:AviancaBase.AviancaNG@7722c3c3]" started-at="2022-05-12T09:25:48 COT" name="ComprarTicket" data-provider="Search" finished-at="2022-05-12T09:26:02 COT" duration-ms="14121" status="FAIL">
          <params>
            <param index="0">
              <value>
                <![CDATA[SI]]>
              </value>
            </param>
            <param index="1">
              <value>
                <![CDATA[SI]]>
              </value>
            </param>
            <param index="2">
              <value>
                <![CDATA[Panama]]>
              </value>
            </param>
            <param index="3">
              <value>
                <![CDATA[Miami]]>
              </value>
            </param>
            <param index="4">
              <value>
                <![CDATA[11/6/2022]]>
              </value>
            </param>
            <param index="5">
              <value>
                <![CDATA[11/7/2022]]>
              </value>
            </param>
          </params>
          <exception class="org.openqa.selenium.NoSuchElementException">
            <message>
              <![CDATA[no such element: Unable to locate element: {"method":"xpath","selector":"/html[1]/body[1]/div[3]/div[1]/div[2]/div[1]/div[2]/div[1]/div[2]/div[1]/div[2]/div[1]/div[1]/div[2]/div[1]/div[1]/div[1]/section[1]/div[3]/div[4]/div[1]/div[1]/form[1]/div[1]/div[2]/div[1]/div[1]/div[1]/fieldset[1]/div[1]/div[1]/div[1]/div[1]/label[1]/div[1]/input[1]"}
  (Session info: chrome=101.0.4951.54)
For documentation on this error, please visit: https://www.seleniumhq.org/exceptions/no_such_element.html
Build info: version: '3.141.59', revision: 'e82be7d358', time: '2018-11-14T08:17:03'
System info: host: 'DESKTOP-KR0OE9U', ip: '192.168.1.9', os.name: 'Windows 10', os.arch: 'amd64', os.version: '10.0', java.version: '18.0.1'
Driver info: org.openqa.selenium.chrome.ChromeDriver
Capabilities {acceptInsecureCerts: false, browserName: chrome, browserVersion: 101.0.4951.54, chrome: {chromedriverVersion: 100.0.4896.60 (6a5d10861ce8..., userDataDir: C:\Users\Diego\AppData\Loca...}, goog:chromeOptions: {debuggerAddress: localhost:58000}, javascriptEnabled: true, networkConnectionEnabled: false, pageLoadStrategy: normal, platform: WINDOWS, platformName: WINDOWS, proxy: Proxy(), setWindowRect: true, strictFileInteractability: false, timeouts: {implicit: 0, pageLoad: 300000, script: 30000}, unhandledPromptBehavior: dismiss and notify, webauthn:extension:credBlob: true, webauthn:extension:largeBlob: true, webauthn:virtualAuthenticators: true}
Session ID: 07bfde63f88bb2c50c68b76f83588c48
*** Element info: {Using=xpath, value=/html[1]/body[1]/div[3]/div[1]/div[2]/div[1]/div[2]/div[1]/div[2]/div[1]/div[2]/div[1]/div[1]/div[2]/div[1]/div[1]/div[1]/section[1]/div[3]/div[4]/div[1]/div[1]/form[1]/div[1]/div[2]/div[1]/div[1]/div[1]/fieldset[1]/div[1]/div[1]/div[1]/div[1]/label[1]/div[1]/input[1]}]]>
            </message>
            <full-stacktrace>
              <![CDATA[org.openqa.selenium.NoSuchElementException: no such element: Unable to locate element: {"method":"xpath","selector":"/html[1]/body[1]/div[3]/div[1]/div[2]/div[1]/div[2]/div[1]/div[2]/div[1]/div[2]/div[1]/div[1]/div[2]/div[1]/div[1]/div[1]/section[1]/div[3]/div[4]/div[1]/div[1]/form[1]/div[1]/div[2]/div[1]/div[1]/div[1]/fieldset[1]/div[1]/div[1]/div[1]/div[1]/label[1]/div[1]/input[1]"}
  (Session info: chrome=101.0.4951.54)
For documentation on this error, please visit: https://www.seleniumhq.org/exceptions/no_such_element.html
Build info: version: '3.141.59', revision: 'e82be7d358', time: '2018-11-14T08:17:03'
System info: host: 'DESKTOP-KR0OE9U', ip: '192.168.1.9', os.name: 'Windows 10', os.arch: 'amd64', os.version: '10.0', java.version: '18.0.1'
Driver info: org.openqa.selenium.chrome.ChromeDriver
Capabilities {acceptInsecureCerts: false, browserName: chrome, browserVersion: 101.0.4951.54, chrome: {chromedriverVersion: 100.0.4896.60 (6a5d10861ce8..., userDataDir: C:\Users\Diego\AppData\Loca...}, goog:chromeOptions: {debuggerAddress: localhost:58000}, javascriptEnabled: true, networkConnectionEnabled: false, pageLoadStrategy: normal, platform: WINDOWS, platformName: WINDOWS, proxy: Proxy(), setWindowRect: true, strictFileInteractability: false, timeouts: {implicit: 0, pageLoad: 300000, script: 30000}, unhandledPromptBehavior: dismiss and notify, webauthn:extension:credBlob: true, webauthn:extension:largeBlob: true, webauthn:virtualAuthenticators: true}
Session ID: 07bfde63f88bb2c50c68b76f83588c48
*** Element info: {Using=xpath, value=/html[1]/body[1]/div[3]/div[1]/div[2]/div[1]/div[2]/div[1]/div[2]/div[1]/div[2]/div[1]/div[1]/div[2]/div[1]/div[1]/div[1]/section[1]/div[3]/div[4]/div[1]/div[1]/form[1]/div[1]/div[2]/div[1]/div[1]/div[1]/fieldset[1]/div[1]/div[1]/div[1]/div[1]/label[1]/div[1]/input[1]}
at java.base/jdk.internal.reflect.DirectConstructorHandleAccessor.newInstance(DirectConstructorHandleAccessor.java:67)
at java.base/java.lang.reflect.Constructor.newInstanceWithCaller(Constructor.java:499)
at java.base/java.lang.reflect.Constructor.newInstance(Constructor.java:483)
at org.openqa.selenium.remote.http.W3CHttpResponseCodec.createException(W3CHttpResponseCodec.java:187)
at org.openqa.selenium.remote.http.W3CHttpResponseCodec.decode(W3CHttpResponseCodec.java:122)
at org.openqa.selenium.remote.http.W3CHttpResponseCodec.decode(W3CHttpResponseCodec.java:49)
at org.openqa.selenium.remote.HttpCommandExecutor.execute(HttpCommandExecutor.java:158)
at org.openqa.selenium.remote.service.DriverCommandExecutor.execute(DriverCommandExecutor.java:83)
at org.openqa.selenium.remote.RemoteWebDriver.execute(RemoteWebDriver.java:552)
at org.openqa.selenium.remote.RemoteWebDriver.findElement(RemoteWebDriver.java:323)
at org.openqa.selenium.remote.RemoteWebDriver.findElementByXPath(RemoteWebDriver.java:428)
at org.openqa.selenium.By$ByXPath.findElement(By.java:353)
at org.openqa.selenium.remote.RemoteWebDriver.findElement(RemoteWebDriver.java:315)
at AviancaBase.ClaseBase.capturarValorSelenium(ClaseBase.java:148)
at PagObject.PagObjectTravel.CompraViaje(PagObjectTravel.java:69)
at AviancaBase.AviancaNG.ComprarTicket(AviancaNG.java:87)
at java.base/jdk.internal.reflect.DirectMethodHandleAccessor.invoke(DirectMethodHandleAccessor.java:104)
at java.base/java.lang.reflect.Method.invoke(Method.java:577)
at org.testng.internal.MethodInvocationHelper.invokeMethod(MethodInvocationHelper.java:133)
at org.testng.internal.TestInvoker.invokeMethod(TestInvoker.java:598)
at org.testng.internal.TestInvoker.invokeTestMethod(TestInvoker.java:173)
at org.testng.internal.MethodRunner.runInSequence(MethodRunner.java:46)
at org.testng.internal.TestInvoker$MethodInvocationAgent.invoke(TestInvoker.java:824)
at org.testng.internal.TestInvoker.invokeTestMethods(TestInvoker.java:146)
at org.testng.internal.TestMethodWorker.invokeTestMethods(TestMethodWorker.java:146)
at org.testng.internal.TestMethodWorker.run(TestMethodWorker.java:128)
at java.base/java.util.ArrayList.forEach(ArrayList.java:1511)
at org.testng.TestRunner.privateRun(TestRunner.java:794)
at org.testng.TestRunner.run(TestRunner.java:596)
at org.testng.SuiteRunner.runTest(SuiteRunner.java:377)
at org.testng.SuiteRunner.runSequentially(SuiteRunner.java:371)
at org.testng.SuiteRunner.privateRun(SuiteRunner.java:332)
at org.testng.SuiteRunner.run(SuiteRunner.java:276)
at org.testng.SuiteRunnerWorker.runSuite(SuiteRunnerWorker.java:53)
at org.testng.SuiteRunnerWorker.run(SuiteRunnerWorker.java:96)
at org.testng.TestNG.runSuitesSequentially(TestNG.java:1212)
at org.testng.TestNG.runSuitesLocally(TestNG.java:1134)
at org.testng.TestNG.runSuites(TestNG.java:1063)
at org.testng.TestNG.run(TestNG.java:1031)
at org.testng.remote.AbstractRemoteTestNG.run(AbstractRemoteTestNG.java:115)
at org.testng.remote.RemoteTestNG.initAndRun(RemoteTestNG.java:251)
at org.testng.remote.RemoteTestNG.main(RemoteTestNG.java:77)
]]>
            </full-stacktrace>
          </exception> <!-- org.openqa.selenium.NoSuchElementException -->
          <reporter-output>
          </reporter-output>
        </test-method> <!-- ComprarTicket -->
        <test-method is-config="true" signature="afterClass()[pri:0, instance:AviancaBase.AviancaNG@7722c3c3]" started-at="2022-05-12T09:26:02 COT" name="afterClass" finished-at="2022-05-12T09:26:02 COT" duration-ms="1" status="PASS">
          <reporter-output>
          </reporter-output>
        </test-method> <!-- afterClass -->
      </class> <!-- AviancaBase.AviancaNG -->
    </test> <!-- Test -->
  </suite> <!-- Suite -->
</testng-results>
